2020-12-22 07:24:59,140 INFO [Test worker] o.s.b.t.c.SpringBootTestContextBootstrapper [AbstractTestContextBootstrapper.java:308] Neither @ContextConfiguration nor @ContextHierarchy found for test class [org.dell.kube.pagesapi.HomeApiTest], using SpringBootContextLoader
2020-12-22 07:24:59,164 INFO [Test worker] o.s.t.c.s.AbstractContextLoader [AbstractContextLoader.java:264] Could not detect default resource locations for test class [org.dell.kube.pagesapi.HomeApiTest]: no resource found for suffixes {-context.xml, Context.groovy}.
2020-12-22 07:24:59,320 INFO [Test worker] o.s.b.t.c.SpringBootTestContextBootstrapper [AbstractTestContextBootstrapper.java:248] Loaded default TestExecutionListener class names from location [META-INF/spring.factories]: [org.springframework.boot.test.autoconfigure.restdocs.RestDocsTestExecutionListener, org.springframework.boot.test.autoconfigure.web.client.MockRestServiceServerResetTestExecutionListener, org.springframework.boot.test.autoconfigure.web.servlet.MockMvcPrintOnlyOnFailureTestExecutionListener, org.springframework.boot.test.autoconfigure.web.servlet.WebDriverTestExecutionListener, org.springframework.boot.test.autoconfigure.webservices.client.MockWebServiceServerTestExecutionListener, org.springframework.boot.test.mock.mockito.MockitoTestExecutionListener, org.springframework.boot.test.mock.mockito.ResetMocksTestExecutionListener, org.springframework.test.context.web.ServletTestExecutionListener, org.springframework.test.context.support.DirtiesContextBeforeModesTestExecutionListener, org.springframework.test.context.support.DependencyInjectionTestExecutionListener, org.springframework.test.context.support.DirtiesContextTestExecutionListener, org.springframework.test.context.transaction.TransactionalTestExecutionListener, org.springframework.test.context.jdbc.SqlScriptsTestExecutionListener, org.springframework.test.context.event.EventPublishingTestExecutionListener]
2020-12-22 07:24:59,335 INFO [Test worker] o.s.b.t.c.SpringBootTestContextBootstrapper [AbstractTestContextBootstrapper.java:177] Using TestExecutionListeners: [org.springframework.test.context.web.ServletTestExecutionListener@e4e071, org.springframework.test.context.support.DirtiesContextBeforeModesTestExecutionListener@2c72c4a0, org.springframework.boot.test.mock.mockito.MockitoTestExecutionListener@b332abe, org.springframework.boot.test.autoconfigure.SpringBootDependencyInjectionTestExecutionListener@4e1652a3, org.springframework.test.context.support.DirtiesContextTestExecutionListener@6956c478, org.springframework.test.context.transaction.TransactionalTestExecutionListener@533b5a36, org.springframework.test.context.jdbc.SqlScriptsTestExecutionListener@414fec35, org.springframework.test.context.event.EventPublishingTestExecutionListener@3db02df5, org.springframework.boot.test.autoconfigure.restdocs.RestDocsTestExecutionListener@621a5b3f, org.springframework.boot.test.autoconfigure.web.client.MockRestServiceServerResetTestExecutionListener@6b7947a0, org.springframework.boot.test.autoconfigure.web.servlet.MockMvcPrintOnlyOnFailureTestExecutionListener@556920be, org.springframework.boot.test.autoconfigure.web.servlet.WebDriverTestExecutionListener@690a7063, org.springframework.boot.test.autoconfigure.webservices.client.MockWebServiceServerTestExecutionListener@59f90dde, org.springframework.boot.test.mock.mockito.ResetMocksTestExecutionListener@781c1506]
2020-12-22 07:24:59,702 INFO [Test worker] o.d.k.p.HomeApiTest [StartupInfoLogger.java:55] Starting HomeApiTest on lin01 with PID 9461 (started by student in /home/student/workspace/pages)
2020-12-22 07:24:59,708 INFO [Test worker] o.d.k.p.HomeApiTest [SpringApplication.java:651] No active profile set, falling back to default profiles: default
2020-12-22 07:25:01,603 INFO [Test worker] o.s.b.w.e.t.TomcatWebServer [TomcatWebServer.java:108] Tomcat initialized with port(s): 0 (http)
2020-12-22 07:25:01,617 INFO [Test worker] o.a.c.h.Http11NioProtocol [DirectJDKLog.java:173] Initializing ProtocolHandler ["http-nio-auto-1"]
2020-12-22 07:25:01,618 INFO [Test worker] o.a.c.c.StandardService [DirectJDKLog.java:173] Starting service [Tomcat]
2020-12-22 07:25:01,622 INFO [Test worker] o.a.c.c.StandardEngine [DirectJDKLog.java:173] Starting Servlet engine: [Apache Tomcat/9.0.36]
2020-12-22 07:25:01,768 INFO [Test worker] o.a.c.c.C.[.[.[/] [DirectJDKLog.java:173] Initializing Spring embedded WebApplicationContext
2020-12-22 07:25:01,770 INFO [Test worker] o.s.b.w.s.c.ServletWebServerApplicationContext [ServletWebServerApplicationContext.java:285] Root WebApplicationContext: initialization completed in 2024 ms
2020-12-22 07:25:02,321 INFO [Test worker] o.s.s.c.ThreadPoolTaskExecutor [ExecutorConfigurationSupport.java:181] Initializing ExecutorService 'applicationTaskExecutor'
2020-12-22 07:25:02,844 INFO [Test worker] o.s.b.a.e.w.EndpointLinksResolver [EndpointLinksResolver.java:58] Exposing 2 endpoint(s) beneath base path '/actuator'
2020-12-22 07:25:02,899 INFO [Test worker] o.a.c.h.Http11NioProtocol [DirectJDKLog.java:173] Starting ProtocolHandler ["http-nio-auto-1"]
2020-12-22 07:25:02,934 INFO [Test worker] o.s.b.w.e.t.TomcatWebServer [TomcatWebServer.java:220] Tomcat started on port(s): 37439 (http) with context path ''
2020-12-22 07:25:02,953 INFO [Test worker] o.d.k.p.HomeApiTest [StartupInfoLogger.java:61] Started HomeApiTest in 3.579 seconds (JVM running for 4.869)
2020-12-22 07:25:03,515 INFO [http-nio-auto-1-exec-1] o.a.c.c.C.[.[.[/] [DirectJDKLog.java:173] Initializing Spring DispatcherServlet 'dispatcherServlet'
2020-12-22 07:25:03,517 INFO [http-nio-auto-1-exec-1] o.s.w.s.DispatcherServlet [FrameworkServlet.java:525] Initializing Servlet 'dispatcherServlet'
2020-12-22 07:25:03,542 INFO [http-nio-auto-1-exec-1] o.s.w.s.DispatcherServlet [FrameworkServlet.java:547] Completed initialization in 23 ms
2020-12-22 07:25:03,698 INFO [http-nio-auto-1-exec-2] c.z.h.HikariDataSource [HikariDataSource.java:110] HikariPool-1 - Starting...
2020-12-22 07:25:03,866 INFO [http-nio-auto-1-exec-2] c.z.h.HikariDataSource [HikariDataSource.java:123] HikariPool-1 - Start completed.
2020-12-22 07:25:03,946 INFO [Test worker] o.s.b.t.c.SpringBootTestContextBootstrapper [AbstractTestContextBootstrapper.java:308] Neither @ContextConfiguration nor @ContextHierarchy found for test class [org.dell.kube.pagesapi.PageApiTest], using SpringBootContextLoader
2020-12-22 07:25:03,948 INFO [Test worker] o.s.t.c.s.AbstractContextLoader [AbstractContextLoader.java:264] Could not detect default resource locations for test class [org.dell.kube.pagesapi.PageApiTest]: no resource found for suffixes {-context.xml, Context.groovy}.
2020-12-22 07:25:03,950 INFO [Test worker] o.s.b.t.c.SpringBootTestContextBootstrapper [AbstractTestContextBootstrapper.java:248] Loaded default TestExecutionListener class names from location [META-INF/spring.factories]: [org.springframework.boot.test.autoconfigure.restdocs.RestDocsTestExecutionListener, org.springframework.boot.test.autoconfigure.web.client.MockRestServiceServerResetTestExecutionListener, org.springframework.boot.test.autoconfigure.web.servlet.MockMvcPrintOnlyOnFailureTestExecutionListener, org.springframework.boot.test.autoconfigure.web.servlet.WebDriverTestExecutionListener, org.springframework.boot.test.autoconfigure.webservices.client.MockWebServiceServerTestExecutionListener, org.springframework.boot.test.mock.mockito.MockitoTestExecutionListener, org.springframework.boot.test.mock.mockito.ResetMocksTestExecutionListener, org.springframework.test.context.web.ServletTestExecutionListener, org.springframework.test.context.support.DirtiesContextBeforeModesTestExecutionListener, org.springframework.test.context.support.DependencyInjectionTestExecutionListener, org.springframework.test.context.support.DirtiesContextTestExecutionListener, org.springframework.test.context.transaction.TransactionalTestExecutionListener, org.springframework.test.context.jdbc.SqlScriptsTestExecutionListener, org.springframework.test.context.event.EventPublishingTestExecutionListener]
2020-12-22 07:25:03,951 INFO [Test worker] o.s.b.t.c.SpringBootTestContextBootstrapper [AbstractTestContextBootstrapper.java:177] Using TestExecutionListeners: [org.springframework.test.context.web.ServletTestExecutionListener@2cc7640e, org.springframework.test.context.support.DirtiesContextBeforeModesTestExecutionListener@15924e50, org.springframework.boot.test.mock.mockito.MockitoTestExecutionListener@37577f65, org.springframework.boot.test.autoconfigure.SpringBootDependencyInjectionTestExecutionListener@7097d53, org.springframework.test.context.support.DirtiesContextTestExecutionListener@10799ea8, org.springframework.test.context.transaction.TransactionalTestExecutionListener@171eb239, org.springframework.test.context.jdbc.SqlScriptsTestExecutionListener@1bbe5be8, org.springframework.test.context.event.EventPublishingTestExecutionListener@57914e29, org.springframework.boot.test.autoconfigure.restdocs.RestDocsTestExecutionListener@bc116ad, org.springframework.boot.test.autoconfigure.web.client.MockRestServiceServerResetTestExecutionListener@692cf296, org.springframework.boot.test.autoconfigure.web.servlet.MockMvcPrintOnlyOnFailureTestExecutionListener@249540, org.springframework.boot.test.autoconfigure.web.servlet.WebDriverTestExecutionListener@5d19636b, org.springframework.boot.test.autoconfigure.webservices.client.MockWebServiceServerTestExecutionListener@5eee621b, org.springframework.boot.test.mock.mockito.ResetMocksTestExecutionListener@50d88312]
2020-12-22 07:25:04,079 INFO [http-nio-auto-1-exec-3] o.d.k.p.PageController [PageController.java:19] CREATE-INFO:Creating a new page
2020-12-22 07:25:04,195 INFO [http-nio-auto-1-exec-3] o.d.k.p.PageController [PageController.java:22] CREATE-INFO:Created a new page with id = 1
2020-12-22 07:25:04,212 INFO [http-nio-auto-1-exec-4] o.d.k.p.PageController [PageController.java:40] LIST-INFO:Fetching all pages
2020-12-22 07:25:04,328 INFO [http-nio-auto-1-exec-5] o.d.k.p.PageController [PageController.java:19] CREATE-INFO:Creating a new page
2020-12-22 07:25:04,342 INFO [http-nio-auto-1-exec-5] o.d.k.p.PageController [PageController.java:22] CREATE-INFO:Created a new page with id = 1
2020-12-22 07:25:04,355 INFO [http-nio-auto-1-exec-6] o.d.k.p.PageController [PageController.java:28] READ-INFO:Fetching page with id = 1
2020-12-22 07:25:04,410 INFO [http-nio-auto-1-exec-7] o.d.k.p.PageController [PageController.java:19] CREATE-INFO:Creating a new page
2020-12-22 07:25:04,419 INFO [http-nio-auto-1-exec-7] o.d.k.p.PageController [PageController.java:22] CREATE-INFO:Created a new page with id = 1
2020-12-22 07:25:04,466 INFO [http-nio-auto-1-exec-8] o.d.k.p.PageController [PageController.java:19] CREATE-INFO:Creating a new page
2020-12-22 07:25:04,474 INFO [http-nio-auto-1-exec-8] o.d.k.p.PageController [PageController.java:22] CREATE-INFO:Created a new page with id = 1
2020-12-22 07:25:04,480 INFO [http-nio-auto-1-exec-9] o.d.k.p.PageController [PageController.java:62] DELETE-INFO:Deleting the page with id = 1
2020-12-22 07:25:04,496 INFO [http-nio-auto-1-exec-9] o.d.k.p.PageController [PageController.java:65] DELETE-INFO:Deleted the page with id = 1
2020-12-22 07:25:04,508 INFO [http-nio-auto-1-exec-10] o.d.k.p.PageController [PageController.java:28] READ-INFO:Fetching page with id = 1
2020-12-22 07:25:04,510 ERROR [http-nio-auto-1-exec-10] o.d.k.p.PageController [PageController.java:34] READ-ERROR:Could not find page with id = 1
2020-12-22 07:25:04,564 INFO [http-nio-auto-1-exec-1] o.d.k.p.PageController [PageController.java:19] CREATE-INFO:Creating a new page
2020-12-22 07:25:04,573 INFO [http-nio-auto-1-exec-1] o.d.k.p.PageController [PageController.java:22] CREATE-INFO:Created a new page with id = 1
2020-12-22 07:25:04,581 INFO [http-nio-auto-1-exec-2] o.d.k.p.PageController [PageController.java:47] UPDATE-INFO:Updating the page with id = 1
2020-12-22 07:25:04,589 INFO [http-nio-auto-1-exec-2] o.d.k.p.PageController [PageController.java:51] UPDATE-INFO:Updated the page with id = 1
2020-12-22 07:25:04,596 INFO [Test worker] o.s.b.t.c.SpringBootTestContextBootstrapper [AbstractTestContextBootstrapper.java:308] Neither @ContextConfiguration nor @ContextHierarchy found for test class [org.dell.kube.pages.MySqlPageRepositoryTest], using SpringBootContextLoader
2020-12-22 07:25:04,598 INFO [Test worker] o.s.t.c.s.AbstractContextLoader [AbstractContextLoader.java:264] Could not detect default resource locations for test class [org.dell.kube.pages.MySqlPageRepositoryTest]: no resource found for suffixes {-context.xml, Context.groovy}.
2020-12-22 07:25:04,599 INFO [Test worker] o.s.t.c.s.AnnotationConfigContextLoaderUtils [AnnotationConfigContextLoaderUtils.java:83] Could not detect default configuration classes for test class [org.dell.kube.pages.MySqlPageRepositoryTest]: MySqlPageRepositoryTest does not declare any static, non-private, non-final, nested classes annotated with @Configuration.
2020-12-22 07:25:04,605 INFO [Test worker] o.s.b.t.c.SpringBootTestContextBootstrapper [SpringBootTestContextBootstrapper.java:237] Found @SpringBootConfiguration org.dell.kube.pages.PageApplication for test class org.dell.kube.pages.MySqlPageRepositoryTest
2020-12-22 07:25:04,606 INFO [Test worker] o.s.b.t.c.SpringBootTestContextBootstrapper [AbstractTestContextBootstrapper.java:248] Loaded default TestExecutionListener class names from location [META-INF/spring.factories]: [org.springframework.boot.test.autoconfigure.restdocs.RestDocsTestExecutionListener, org.springframework.boot.test.autoconfigure.web.client.MockRestServiceServerResetTestExecutionListener, org.springframework.boot.test.autoconfigure.web.servlet.MockMvcPrintOnlyOnFailureTestExecutionListener, org.springframework.boot.test.autoconfigure.web.servlet.WebDriverTestExecutionListener, org.springframework.boot.test.autoconfigure.webservices.client.MockWebServiceServerTestExecutionListener, org.springframework.boot.test.mock.mockito.MockitoTestExecutionListener, org.springframework.boot.test.mock.mockito.ResetMocksTestExecutionListener, org.springframework.test.context.web.ServletTestExecutionListener, org.springframework.test.context.support.DirtiesContextBeforeModesTestExecutionListener, org.springframework.test.context.support.DependencyInjectionTestExecutionListener, org.springframework.test.context.support.DirtiesContextTestExecutionListener, org.springframework.test.context.transaction.TransactionalTestExecutionListener, org.springframework.test.context.jdbc.SqlScriptsTestExecutionListener, org.springframework.test.context.event.EventPublishingTestExecutionListener]
2020-12-22 07:25:04,607 INFO [Test worker] o.s.b.t.c.SpringBootTestContextBootstrapper [AbstractTestContextBootstrapper.java:177] Using TestExecutionListeners: [org.springframework.test.context.web.ServletTestExecutionListener@1533a879, org.springframework.test.context.support.DirtiesContextBeforeModesTestExecutionListener@23b7ce13, org.springframework.boot.test.mock.mockito.MockitoTestExecutionListener@56542ed2, org.springframework.boot.test.autoconfigure.SpringBootDependencyInjectionTestExecutionListener@231500ba, org.springframework.test.context.support.DirtiesContextTestExecutionListener@2b6d04c1, org.springframework.test.context.transaction.TransactionalTestExecutionListener@363780e9, org.springframework.test.context.jdbc.SqlScriptsTestExecutionListener@41621a43, org.springframework.test.context.event.EventPublishingTestExecutionListener@4a79d205, org.springframework.boot.test.autoconfigure.restdocs.RestDocsTestExecutionListener@9f19c87, org.springframework.boot.test.autoconfigure.web.client.MockRestServiceServerResetTestExecutionListener@34b7598, org.springframework.boot.test.autoconfigure.web.servlet.MockMvcPrintOnlyOnFailureTestExecutionListener@52aac7b0, org.springframework.boot.test.autoconfigure.web.servlet.WebDriverTestExecutionListener@56c7de1a, org.springframework.boot.test.autoconfigure.webservices.client.MockWebServiceServerTestExecutionListener@53d775e1, org.springframework.boot.test.mock.mockito.ResetMocksTestExecutionListener@b683db6]
2020-12-22 07:25:04,635 INFO [Test worker] o.d.k.p.MySqlPageRepositoryTest [StartupInfoLogger.java:55] Starting MySqlPageRepositoryTest on lin01 with PID 9461 (started by student in /home/student/workspace/pages)
2020-12-22 07:25:04,636 INFO [Test worker] o.d.k.p.MySqlPageRepositoryTest [SpringApplication.java:651] No active profile set, falling back to default profiles: default
2020-12-22 07:25:05,443 INFO [Test worker] o.s.s.c.ThreadPoolTaskExecutor [ExecutorConfigurationSupport.java:181] Initializing ExecutorService 'applicationTaskExecutor'
2020-12-22 07:25:05,716 INFO [Test worker] o.s.b.a.e.w.EndpointLinksResolver [EndpointLinksResolver.java:58] Exposing 2 endpoint(s) beneath base path '/actuator'
2020-12-22 07:25:05,750 INFO [Test worker] o.d.k.p.MySqlPageRepositoryTest [StartupInfoLogger.java:61] Started MySqlPageRepositoryTest in 1.137 seconds (JVM running for 7.666)
2020-12-22 07:25:05,761 INFO [Test worker] c.z.h.HikariDataSource [HikariDataSource.java:110] HikariPool-2 - Starting...
2020-12-22 07:25:05,766 INFO [Test worker] c.z.h.HikariDataSource [HikariDataSource.java:123] HikariPool-2 - Start completed.
2020-12-22 07:25:06,068 INFO [Test worker] o.d.k.p.PageController [PageController.java:40] LIST-INFO:Fetching all pages
2020-12-22 07:25:06,087 INFO [Test worker] o.d.k.p.PageController [PageController.java:28] READ-INFO:Fetching page with id = 1
2020-12-22 07:25:06,090 INFO [Test worker] o.d.k.p.PageController [PageController.java:28] READ-INFO:Fetching page with id = 1
2020-12-22 07:25:06,090 ERROR [Test worker] o.d.k.p.PageController [PageController.java:34] READ-ERROR:Could not find page with id = 1
2020-12-22 07:25:06,094 INFO [Test worker] o.d.k.p.PageController [PageController.java:47] UPDATE-INFO:Updating the page with id = 1
2020-12-22 07:25:06,095 ERROR [Test worker] o.d.k.p.PageController [PageController.java:56] UPDATE-ERROR:Could not update the page with id = 1
2020-12-22 07:25:06,096 INFO [Test worker] o.d.k.p.PageController [PageController.java:19] CREATE-INFO:Creating a new page
2020-12-22 07:25:06,097 INFO [Test worker] o.d.k.p.PageController [PageController.java:22] CREATE-INFO:Created a new page with id = 1
2020-12-22 07:25:06,098 INFO [Test worker] o.d.k.p.PageController [PageController.java:62] DELETE-INFO:Deleting the page with id = 1
2020-12-22 07:25:06,099 INFO [Test worker] o.d.k.p.PageController [PageController.java:65] DELETE-INFO:Deleted the page with id = 1
2020-12-22 07:25:06,102 INFO [Test worker] o.d.k.p.PageController [PageController.java:47] UPDATE-INFO:Updating the page with id = 1
2020-12-22 07:25:06,102 INFO [Test worker] o.d.k.p.PageController [PageController.java:51] UPDATE-INFO:Updated the page with id = 1
2020-12-22 07:25:06,124 INFO [SpringContextShutdownHook] o.s.s.c.ThreadPoolTaskExecutor [ExecutorConfigurationSupport.java:218] Shutting down ExecutorService 'applicationTaskExecutor'
2020-12-22 07:25:06,127 INFO [SpringContextShutdownHook] c.z.h.HikariDataSource [HikariDataSource.java:350] HikariPool-2 - Shutdown initiated...
2020-12-22 07:25:06,155 INFO [SpringContextShutdownHook] c.z.h.HikariDataSource [HikariDataSource.java:352] HikariPool-2 - Shutdown completed.
2020-12-22 07:25:06,171 INFO [SpringContextShutdownHook] o.s.s.c.ThreadPoolTaskExecutor [ExecutorConfigurationSupport.java:218] Shutting down ExecutorService 'applicationTaskExecutor'
2020-12-22 07:25:06,172 INFO [SpringContextShutdownHook] c.z.h.HikariDataSource [HikariDataSource.java:350] HikariPool-1 - Shutdown initiated...
2020-12-22 07:25:06,196 INFO [SpringContextShutdownHook] c.z.h.HikariDataSource [HikariDataSource.java:352] HikariPool-1 - Shutdown completed.
